{"C:\\Users\\jacob\\OneDrive\\Documentos\\GitHub\\date-nite\\date-nite\\backend\\src\\database.ts": {"path":"C:\\Users\\jacob\\OneDrive\\Documentos\\GitHub\\date-nite\\date-nite\\backend\\src\\database.ts","statementMap":{"0":{"start":{"line":100,"column":0},"end":{"line":100,"column":16}},"1":{"start":{"line":109,"column":0},"end":{"line":109,"column":16}},"2":{"start":{"line":121,"column":0},"end":{"line":121,"column":16}},"3":{"start":{"line":139,"column":0},"end":{"line":139,"column":16}},"4":{"start":{"line":161,"column":0},"end":{"line":161,"column":16}},"5":{"start":{"line":170,"column":0},"end":{"line":170,"column":16}},"6":{"start":{"line":175,"column":0},"end":{"line":175,"column":16}},"7":{"start":{"line":179,"column":0},"end":{"line":179,"column":16}},"8":{"start":{"line":205,"column":0},"end":{"line":205,"column":16}},"9":{"start":{"line":236,"column":0},"end":{"line":236,"column":16}},"10":{"start":{"line":245,"column":0},"end":{"line":245,"column":16}},"11":{"start":{"line":250,"column":0},"end":{"line":250,"column":16}},"12":{"start":{"line":275,"column":0},"end":{"line":275,"column":16}},"13":{"start":{"line":305,"column":0},"end":{"line":305,"column":16}},"14":{"start":{"line":1,"column":0},"end":{"line":1,"column":38}},"15":{"start":{"line":2,"column":0},"end":{"line":2,"column":24}},"16":{"start":{"line":4,"column":11},"end":{"line":4,"column":67}},"17":{"start":{"line":46,"column":0},"end":{"line":78,"column":3}},"18":{"start":{"line":92,"column":2},"end":{"line":97,"column":4}},"19":{"start":{"line":101,"column":14},"end":{"line":101,"column":null}},"20":{"start":{"line":105,"column":2},"end":{"line":105,"column":24}},"21":{"start":{"line":105,"column":12},"end":{"line":105,"column":24}},"22":{"start":{"line":106,"column":2},"end":{"line":106,"column":28}},"23":{"start":{"line":110,"column":14},"end":{"line":110,"column":null}},"24":{"start":{"line":114,"column":2},"end":{"line":114,"column":24}},"25":{"start":{"line":114,"column":12},"end":{"line":114,"column":24}},"26":{"start":{"line":115,"column":2},"end":{"line":115,"column":28}},"27":{"start":{"line":127,"column":2},"end":{"line":134,"column":4}},"28":{"start":{"line":136,"column":2},"end":{"line":136,"column":26}},"29":{"start":{"line":147,"column":19},"end":{"line":147,"column":30}},"30":{"start":{"line":148,"column":2},"end":{"line":148,"column":51}},"31":{"start":{"line":148,"column":17},"end":{"line":148,"column":51}},"32":{"start":{"line":150,"column":16},"end":{"line":150,"column":47}},"33":{"start":{"line":151,"column":20},"end":{"line":151,"column":59}},"34":{"start":{"line":152,"column":24},"end":{"line":152,"column":71}},"35":{"start":{"line":154,"column":2},"end":{"line":156,"column":61}},"36":{"start":{"line":158,"column":2},"end":{"line":158,"column":21}},"37":{"start":{"line":162,"column":2},"end":{"line":162,"column":55}},"38":{"start":{"line":163,"column":2},"end":{"line":163,"column":14}},"39":{"start":{"line":171,"column":14},"end":{"line":171,"column":68}},"40":{"start":{"line":172,"column":2},"end":{"line":172,"column":35}},"41":{"start":{"line":176,"column":2},"end":{"line":176,"column":63}},"42":{"start":{"line":180,"column":2},"end":{"line":200,"column":4}},"43":{"start":{"line":202,"column":2},"end":{"line":202,"column":26}},"44":{"start":{"line":209,"column":19},"end":{"line":209,"column":30}},"45":{"start":{"line":210,"column":2},"end":{"line":210,"column":51}},"46":{"start":{"line":210,"column":17},"end":{"line":210,"column":51}},"47":{"start":{"line":212,"column":2},"end":{"line":231,"column":4}},"48":{"start":{"line":233,"column":2},"end":{"line":233,"column":21}},"49":{"start":{"line":237,"column":2},"end":{"line":237,"column":55}},"50":{"start":{"line":238,"column":2},"end":{"line":238,"column":14}},"51":{"start":{"line":246,"column":14},"end":{"line":246,"column":70}},"52":{"start":{"line":247,"column":2},"end":{"line":247,"column":33}},"53":{"start":{"line":251,"column":2},"end":{"line":270,"column":4}},"54":{"start":{"line":272,"column":2},"end":{"line":272,"column":30}},"55":{"start":{"line":279,"column":19},"end":{"line":279,"column":32}},"56":{"start":{"line":280,"column":2},"end":{"line":280,"column":53}},"57":{"start":{"line":280,"column":17},"end":{"line":280,"column":53}},"58":{"start":{"line":282,"column":2},"end":{"line":300,"column":4}},"59":{"start":{"line":302,"column":2},"end":{"line":302,"column":23}},"60":{"start":{"line":306,"column":2},"end":{"line":306,"column":57}},"61":{"start":{"line":307,"column":2},"end":{"line":307,"column":14}}},"fnMap":{"0":{"name":"normalizeUser","decl":{"start":{"line":91,"column":9},"end":{"line":91,"column":22}},"loc":{"start":{"line":91,"column":34},"end":{"line":98,"column":1}}},"1":{"name":"getUser","decl":{"start":{"line":100,"column":16},"end":{"line":100,"column":23}},"loc":{"start":{"line":100,"column":34},"end":{"line":107,"column":1}}},"2":{"name":"getUserByEmail","decl":{"start":{"line":109,"column":16},"end":{"line":109,"column":30}},"loc":{"start":{"line":109,"column":44},"end":{"line":116,"column":1}}},"3":{"name":"createUser","decl":{"start":{"line":121,"column":16},"end":{"line":121,"column":26}},"loc":{"start":{"line":126,"column":1},"end":{"line":137,"column":1}}},"4":{"name":"updateUser","decl":{"start":{"line":139,"column":16},"end":{"line":139,"column":26}},"loc":{"start":{"line":145,"column":4},"end":{"line":159,"column":1}}},"5":{"name":"deleteUser","decl":{"start":{"line":161,"column":16},"end":{"line":161,"column":26}},"loc":{"start":{"line":161,"column":37},"end":{"line":164,"column":1}}},"6":{"name":"getDate","decl":{"start":{"line":170,"column":16},"end":{"line":170,"column":23}},"loc":{"start":{"line":170,"column":34},"end":{"line":173,"column":1}}},"7":{"name":"getAllDates","decl":{"start":{"line":175,"column":16},"end":{"line":175,"column":27}},"loc":{"start":{"line":175,"column":27},"end":{"line":177,"column":1}}},"8":{"name":"createDate","decl":{"start":{"line":179,"column":16},"end":{"line":179,"column":26}},"loc":{"start":{"line":179,"column":41},"end":{"line":203,"column":1}}},"9":{"name":"updateDate","decl":{"start":{"line":205,"column":16},"end":{"line":205,"column":26}},"loc":{"start":{"line":207,"column":28},"end":{"line":234,"column":1}}},"10":{"name":"deleteDate","decl":{"start":{"line":236,"column":16},"end":{"line":236,"column":26}},"loc":{"start":{"line":236,"column":37},"end":{"line":239,"column":1}}},"11":{"name":"getRating","decl":{"start":{"line":245,"column":16},"end":{"line":245,"column":25}},"loc":{"start":{"line":245,"column":36},"end":{"line":248,"column":1}}},"12":{"name":"createRating","decl":{"start":{"line":250,"column":16},"end":{"line":250,"column":28}},"loc":{"start":{"line":250,"column":43},"end":{"line":273,"column":1}}},"13":{"name":"updateRating","decl":{"start":{"line":275,"column":16},"end":{"line":275,"column":28}},"loc":{"start":{"line":277,"column":26},"end":{"line":303,"column":1}}},"14":{"name":"deleteRating","decl":{"start":{"line":305,"column":16},"end":{"line":305,"column":28}},"loc":{"start":{"line":305,"column":39},"end":{"line":308,"column":1}}}},"branchMap":{"0":{"loc":{"start":{"line":95,"column":15},"end":{"line":95,"column":61}},"type":"cond-expr","locations":[{"start":{"line":95,"column":31},"end":{"line":95,"column":56}},{"start":{"line":95,"column":59},"end":{"line":95,"column":61}}]},"1":{"loc":{"start":{"line":105,"column":2},"end":{"line":105,"column":24}},"type":"if","locations":[{"start":{"line":105,"column":2},"end":{"line":105,"column":24}},{"start":{},"end":{}}]},"2":{"loc":{"start":{"line":114,"column":2},"end":{"line":114,"column":24}},"type":"if","locations":[{"start":{"line":114,"column":2},"end":{"line":114,"column":24}},{"start":{},"end":{}}]},"3":{"loc":{"start":{"line":132,"column":19},"end":{"line":132,"column":39}},"type":"binary-expr","locations":[{"start":{"line":132,"column":19},"end":{"line":132,"column":33}},{"start":{"line":132,"column":37},"end":{"line":132,"column":39}}]},"4":{"loc":{"start":{"line":148,"column":2},"end":{"line":148,"column":51}},"type":"if","locations":[{"start":{"line":148,"column":2},"end":{"line":148,"column":51}},{"start":{},"end":{}}]},"5":{"loc":{"start":{"line":150,"column":16},"end":{"line":150,"column":47}},"type":"binary-expr","locations":[{"start":{"line":150,"column":16},"end":{"line":150,"column":29}},{"start":{"line":150,"column":33},"end":{"line":150,"column":47}}]},"6":{"loc":{"start":{"line":151,"column":20},"end":{"line":151,"column":59}},"type":"binary-expr","locations":[{"start":{"line":151,"column":20},"end":{"line":151,"column":37}},{"start":{"line":151,"column":41},"end":{"line":151,"column":59}}]},"7":{"loc":{"start":{"line":152,"column":24},"end":{"line":152,"column":71}},"type":"binary-expr","locations":[{"start":{"line":152,"column":24},"end":{"line":152,"column":45}},{"start":{"line":152,"column":49},"end":{"line":152,"column":71}}]},"8":{"loc":{"start":{"line":172,"column":10},"end":{"line":172,"column":34}},"type":"binary-expr","locations":[{"start":{"line":172,"column":10},"end":{"line":172,"column":26}},{"start":{"line":172,"column":30},"end":{"line":172,"column":34}}]},"9":{"loc":{"start":{"line":210,"column":2},"end":{"line":210,"column":51}},"type":"if","locations":[{"start":{"line":210,"column":2},"end":{"line":210,"column":51}},{"start":{},"end":{}}]},"10":{"loc":{"start":{"line":221,"column":4},"end":{"line":221,"column":33}},"type":"binary-expr","locations":[{"start":{"line":221,"column":4},"end":{"line":221,"column":16}},{"start":{"line":221,"column":20},"end":{"line":221,"column":33}}]},"11":{"loc":{"start":{"line":222,"column":4},"end":{"line":222,"column":33}},"type":"binary-expr","locations":[{"start":{"line":222,"column":4},"end":{"line":222,"column":16}},{"start":{"line":222,"column":20},"end":{"line":222,"column":33}}]},"12":{"loc":{"start":{"line":223,"column":4},"end":{"line":223,"column":41}},"type":"binary-expr","locations":[{"start":{"line":223,"column":4},"end":{"line":223,"column":20}},{"start":{"line":223,"column":24},"end":{"line":223,"column":41}}]},"13":{"loc":{"start":{"line":224,"column":4},"end":{"line":224,"column":41}},"type":"binary-expr","locations":[{"start":{"line":224,"column":4},"end":{"line":224,"column":20}},{"start":{"line":224,"column":24},"end":{"line":224,"column":41}}]},"14":{"loc":{"start":{"line":225,"column":4},"end":{"line":225,"column":59}},"type":"binary-expr","locations":[{"start":{"line":225,"column":4},"end":{"line":225,"column":29}},{"start":{"line":225,"column":33},"end":{"line":225,"column":59}}]},"15":{"loc":{"start":{"line":226,"column":4},"end":{"line":226,"column":45}},"type":"binary-expr","locations":[{"start":{"line":226,"column":4},"end":{"line":226,"column":22}},{"start":{"line":226,"column":26},"end":{"line":226,"column":45}}]},"16":{"loc":{"start":{"line":227,"column":4},"end":{"line":227,"column":45}},"type":"binary-expr","locations":[{"start":{"line":227,"column":4},"end":{"line":227,"column":22}},{"start":{"line":227,"column":26},"end":{"line":227,"column":45}}]},"17":{"loc":{"start":{"line":228,"column":4},"end":{"line":228,"column":33}},"type":"binary-expr","locations":[{"start":{"line":228,"column":4},"end":{"line":228,"column":16}},{"start":{"line":228,"column":20},"end":{"line":228,"column":33}}]},"18":{"loc":{"start":{"line":229,"column":4},"end":{"line":229,"column":47}},"type":"binary-expr","locations":[{"start":{"line":229,"column":4},"end":{"line":229,"column":23}},{"start":{"line":229,"column":27},"end":{"line":229,"column":47}}]},"19":{"loc":{"start":{"line":247,"column":10},"end":{"line":247,"column":32}},"type":"binary-expr","locations":[{"start":{"line":247,"column":10},"end":{"line":247,"column":24}},{"start":{"line":247,"column":28},"end":{"line":247,"column":32}}]},"20":{"loc":{"start":{"line":280,"column":2},"end":{"line":280,"column":53}},"type":"if","locations":[{"start":{"line":280,"column":2},"end":{"line":280,"column":53}},{"start":{},"end":{}}]},"21":{"loc":{"start":{"line":291,"column":4},"end":{"line":291,"column":39}},"type":"binary-expr","locations":[{"start":{"line":291,"column":4},"end":{"line":291,"column":19}},{"start":{"line":291,"column":23},"end":{"line":291,"column":39}}]},"22":{"loc":{"start":{"line":292,"column":4},"end":{"line":292,"column":39}},"type":"binary-expr","locations":[{"start":{"line":292,"column":4},"end":{"line":292,"column":19}},{"start":{"line":292,"column":23},"end":{"line":292,"column":39}}]},"23":{"loc":{"start":{"line":293,"column":4},"end":{"line":293,"column":51}},"type":"binary-expr","locations":[{"start":{"line":293,"column":4},"end":{"line":293,"column":25}},{"start":{"line":293,"column":29},"end":{"line":293,"column":51}}]},"24":{"loc":{"start":{"line":294,"column":4},"end":{"line":294,"column":45}},"type":"binary-expr","locations":[{"start":{"line":294,"column":4},"end":{"line":294,"column":22}},{"start":{"line":294,"column":26},"end":{"line":294,"column":45}}]},"25":{"loc":{"start":{"line":295,"column":4},"end":{"line":295,"column":33}},"type":"binary-expr","locations":[{"start":{"line":295,"column":4},"end":{"line":295,"column":16}},{"start":{"line":295,"column":20},"end":{"line":295,"column":33}}]},"26":{"loc":{"start":{"line":296,"column":4},"end":{"line":296,"column":41}},"type":"binary-expr","locations":[{"start":{"line":296,"column":4},"end":{"line":296,"column":20}},{"start":{"line":296,"column":24},"end":{"line":296,"column":41}}]},"27":{"loc":{"start":{"line":297,"column":4},"end":{"line":297,"column":45}},"type":"binary-expr","locations":[{"start":{"line":297,"column":4},"end":{"line":297,"column":22}},{"start":{"line":297,"column":26},"end":{"line":297,"column":45}}]},"28":{"loc":{"start":{"line":298,"column":4},"end":{"line":298,"column":37}},"type":"binary-expr","locations":[{"start":{"line":298,"column":4},"end":{"line":298,"column":18}},{"start":{"line":298,"column":22},"end":{"line":298,"column":37}}]}},"s":{"0":3,"1":3,"2":3,"3":3,"4":3,"5":3,"6":3,"7":3,"8":3,"9":3,"10":3,"11":3,"12":3,"13":3,"14":3,"15":3,"16":3,"17":3,"18":4,"19":2,"20":2,"21":0,"22":2,"23":2,"24":2,"25":0,"26":2,"27":2,"28":2,"29":0,"30":0,"31":0,"32":0,"33":0,"34":0,"35":0,"36":0,"37":0,"38":0,"39":0,"40":0,"41":1,"42":0,"43":0,"44":0,"45":0,"46":0,"47":0,"48":0,"49":0,"50":0,"51":0,"52":0,"53":0,"54":0,"55":0,"56":0,"57":0,"58":0,"59":0,"60":0,"61":0},"f":{"0":4,"1":2,"2":2,"3":2,"4":0,"5":0,"6":0,"7":1,"8":0,"9":0,"10":0,"11":0,"12":0,"13":0,"14":0},"b":{"0":[4,0],"1":[0,2],"2":[0,2],"3":[2,2],"4":[0,0],"5":[0,0],"6":[0,0],"7":[0,0],"8":[0,0],"9":[0,0],"10":[0,0],"11":[0,0],"12":[0,0],"13":[0,0],"14":[0,0],"15":[0,0],"16":[0,0],"17":[0,0],"18":[0,0],"19":[0,0],"20":[0,0],"21":[0,0],"22":[0,0],"23":[0,0],"24":[0,0],"25":[0,0],"26":[0,0],"27":[0,0],"28":[0,0]}}
,"C:\\Users\\jacob\\OneDrive\\Documentos\\GitHub\\date-nite\\date-nite\\backend\\src\\middleware\\auth.ts": {"path":"C:\\Users\\jacob\\OneDrive\\Documentos\\GitHub\\date-nite\\date-nite\\backend\\src\\middleware\\auth.ts","statementMap":{"0":{"start":{"line":13,"column":0},"end":{"line":13,"column":16}},"1":{"start":{"line":2,"column":0},"end":{"line":2,"column":43}},"2":{"start":{"line":18,"column":16},"end":{"line":18,"column":38}},"3":{"start":{"line":20,"column":2},"end":{"line":25,"column":3}},"4":{"start":{"line":21,"column":4},"end":{"line":24,"column":7}},"5":{"start":{"line":27,"column":2},"end":{"line":42,"column":3}},"6":{"start":{"line":28,"column":20},"end":{"line":28,"column":38}},"7":{"start":{"line":29,"column":4},"end":{"line":29,"column":23}},"8":{"start":{"line":30,"column":4},"end":{"line":30,"column":11}},"9":{"start":{"line":32,"column":4},"end":{"line":37,"column":5}},"10":{"start":{"line":33,"column":6},"end":{"line":36,"column":9}},"11":{"start":{"line":38,"column":4},"end":{"line":41,"column":7}}},"fnMap":{"0":{"name":"authenticateToken","decl":{"start":{"line":13,"column":16},"end":{"line":13,"column":33}},"loc":{"start":{"line":16,"column":20},"end":{"line":43,"column":1}}}},"branchMap":{"0":{"loc":{"start":{"line":20,"column":2},"end":{"line":25,"column":3}},"type":"if","locations":[{"start":{"line":20,"column":2},"end":{"line":25,"column":3}},{"start":{},"end":{}}]},"1":{"loc":{"start":{"line":32,"column":4},"end":{"line":37,"column":5}},"type":"if","locations":[{"start":{"line":32,"column":4},"end":{"line":37,"column":5}},{"start":{},"end":{}}]}},"s":{"0":2,"1":2,"2":2,"3":2,"4":2,"5":0,"6":0,"7":0,"8":0,"9":0,"10":0,"11":0},"f":{"0":2},"b":{"0":[2,0],"1":[0,0]}}
,"C:\\Users\\jacob\\OneDrive\\Documentos\\GitHub\\date-nite\\date-nite\\backend\\src\\routes\\dates.ts": {"path":"C:\\Users\\jacob\\OneDrive\\Documentos\\GitHub\\date-nite\\date-nite\\backend\\src\\routes\\dates.ts","statementMap":{"0":{"start":{"line":1,"column":0},"end":{"line":1,"column":33}},"1":{"start":{"line":2,"column":0},"end":{"line":2,"column":57}},"2":{"start":{"line":3,"column":0},"end":{"line":3,"column":55}},"3":{"start":{"line":4,"column":15},"end":{"line":4,"column":23}},"4":{"start":{"line":7,"column":0},"end":{"line":15,"column":3}},"5":{"start":{"line":8,"column":2},"end":{"line":14,"column":3}},"6":{"start":{"line":9,"column":19},"end":{"line":9,"column":41}},"7":{"start":{"line":10,"column":4},"end":{"line":10,"column":33}},"8":{"start":{"line":12,"column":4},"end":{"line":12,"column":44}},"9":{"start":{"line":13,"column":4},"end":{"line":13,"column":76}},"10":{"start":{"line":17,"column":0},"end":{"line":17,"column":22}}},"fnMap":{"0":{"name":"(anonymous_0)","decl":{"start":{"line":7,"column":16},"end":{"line":7,"column":21}},"loc":{"start":{"line":7,"column":35},"end":{"line":15,"column":1}}}},"branchMap":{"0":{"loc":{"start":{"line":13,"column":34},"end":{"line":13,"column":72}},"type":"binary-expr","locations":[{"start":{"line":13,"column":34},"end":{"line":13,"column":47}},{"start":{"line":13,"column":51},"end":{"line":13,"column":72}}]}},"s":{"0":1,"1":1,"2":1,"3":1,"4":1,"5":1,"6":1,"7":1,"8":0,"9":0,"10":1},"f":{"0":1},"b":{"0":[0,0]}}
,"C:\\Users\\jacob\\OneDrive\\Documentos\\GitHub\\date-nite\\date-nite\\backend\\src\\routes\\health.ts": {"path":"C:\\Users\\jacob\\OneDrive\\Documentos\\GitHub\\date-nite\\date-nite\\backend\\src\\routes\\health.ts","statementMap":{"0":{"start":{"line":1,"column":0},"end":{"line":1,"column":33}},"1":{"start":{"line":3,"column":15},"end":{"line":3,"column":23}},"2":{"start":{"line":6,"column":0},"end":{"line":14,"column":3}},"3":{"start":{"line":7,"column":2},"end":{"line":13,"column":5}},"4":{"start":{"line":16,"column":0},"end":{"line":16,"column":22}}},"fnMap":{"0":{"name":"(anonymous_0)","decl":{"start":{"line":6,"column":16},"end":{"line":6,"column":17}},"loc":{"start":{"line":6,"column":29},"end":{"line":14,"column":1}}}},"branchMap":{},"s":{"0":1,"1":1,"2":1,"3":3,"4":1},"f":{"0":3},"b":{}}
,"C:\\Users\\jacob\\OneDrive\\Documentos\\GitHub\\date-nite\\date-nite\\backend\\src\\routes\\users.ts": {"path":"C:\\Users\\jacob\\OneDrive\\Documentos\\GitHub\\date-nite\\date-nite\\backend\\src\\routes\\users.ts","statementMap":{"0":{"start":{"line":1,"column":0},"end":{"line":1,"column":33}},"1":{"start":{"line":2,"column":0},"end":{"line":2,"column":62}},"2":{"start":{"line":3,"column":0},"end":{"line":3,"column":55}},"3":{"start":{"line":4,"column":0},"end":{"line":4,"column":55}},"4":{"start":{"line":7,"column":0},"end":{"line":7,"column":55}},"5":{"start":{"line":8,"column":0},"end":{"line":8,"column":59}},"6":{"start":{"line":9,"column":0},"end":{"line":9,"column":61}},"7":{"start":{"line":11,"column":15},"end":{"line":11,"column":23}},"8":{"start":{"line":14,"column":0},"end":{"line":38,"column":3}},"9":{"start":{"line":15,"column":30},"end":{"line":15,"column":57}},"10":{"start":{"line":16,"column":2},"end":{"line":21,"column":3}},"11":{"start":{"line":17,"column":4},"end":{"line":20,"column":7}},"12":{"start":{"line":22,"column":2},"end":{"line":37,"column":3}},"13":{"start":{"line":23,"column":19},"end":{"line":23,"column":65}},"14":{"start":{"line":24,"column":4},"end":{"line":29,"column":7}},"15":{"start":{"line":30,"column":4},"end":{"line":30,"column":33}},"16":{"start":{"line":32,"column":4},"end":{"line":32,"column":48}},"17":{"start":{"line":33,"column":4},"end":{"line":36,"column":7}},"18":{"start":{"line":41,"column":0},"end":{"line":71,"column":3}},"19":{"start":{"line":42,"column":30},"end":{"line":42,"column":50}},"20":{"start":{"line":43,"column":2},"end":{"line":48,"column":3}},"21":{"start":{"line":44,"column":4},"end":{"line":47,"column":7}},"22":{"start":{"line":49,"column":2},"end":{"line":70,"column":3}},"23":{"start":{"line":50,"column":19},"end":{"line":50,"column":58}},"24":{"start":{"line":51,"column":4},"end":{"line":56,"column":7}},"25":{"start":{"line":57,"column":4},"end":{"line":57,"column":48}},"26":{"start":{"line":59,"column":4},"end":{"line":64,"column":5}},"27":{"start":{"line":60,"column":6},"end":{"line":63,"column":9}},"28":{"start":{"line":65,"column":4},"end":{"line":65,"column":45}},"29":{"start":{"line":66,"column":4},"end":{"line":69,"column":7}},"30":{"start":{"line":74,"column":0},"end":{"line":77,"column":3}},"31":{"start":{"line":75,"column":2},"end":{"line":75,"column":31}},"32":{"start":{"line":76,"column":2},"end":{"line":76,"column":63}},"33":{"start":{"line":80,"column":0},"end":{"line":82,"column":3}},"34":{"start":{"line":81,"column":2},"end":{"line":81,"column":43}},"35":{"start":{"line":84,"column":0},"end":{"line":108,"column":3}},"36":{"start":{"line":85,"column":2},"end":{"line":107,"column":3}},"37":{"start":{"line":86,"column":19},"end":{"line":86,"column":35}},"38":{"start":{"line":87,"column":4},"end":{"line":92,"column":5}},"39":{"start":{"line":88,"column":6},"end":{"line":91,"column":9}},"40":{"start":{"line":93,"column":22},"end":{"line":93,"column":46}},"41":{"start":{"line":94,"column":4},"end":{"line":99,"column":5}},"42":{"start":{"line":95,"column":6},"end":{"line":98,"column":9}},"43":{"start":{"line":100,"column":4},"end":{"line":100,"column":40}},"44":{"start":{"line":102,"column":4},"end":{"line":102,"column":48}},"45":{"start":{"line":103,"column":4},"end":{"line":106,"column":5}},"46":{"start":{"line":110,"column":0},"end":{"line":130,"column":3}},"47":{"start":{"line":111,"column":2},"end":{"line":129,"column":3}},"48":{"start":{"line":112,"column":19},"end":{"line":112,"column":35}},"49":{"start":{"line":113,"column":23},"end":{"line":113,"column":31}},"50":{"start":{"line":114,"column":4},"end":{"line":119,"column":5}},"51":{"start":{"line":115,"column":6},"end":{"line":118,"column":9}},"52":{"start":{"line":120,"column":4},"end":{"line":120,"column":39}},"53":{"start":{"line":121,"column":4},"end":{"line":121,"column":76}},"54":{"start":{"line":124,"column":4},"end":{"line":124,"column":50}},"55":{"start":{"line":125,"column":4},"end":{"line":128,"column":7}},"56":{"start":{"line":131,"column":0},"end":{"line":131,"column":22}}},"fnMap":{"0":{"name":"(anonymous_0)","decl":{"start":{"line":14,"column":17},"end":{"line":14,"column":22}},"loc":{"start":{"line":14,"column":36},"end":{"line":38,"column":1}}},"1":{"name":"(anonymous_1)","decl":{"start":{"line":41,"column":22},"end":{"line":41,"column":27}},"loc":{"start":{"line":41,"column":41},"end":{"line":71,"column":1}}},"2":{"name":"(anonymous_2)","decl":{"start":{"line":74,"column":23},"end":{"line":74,"column":28}},"loc":{"start":{"line":74,"column":42},"end":{"line":77,"column":1}}},"3":{"name":"(anonymous_3)","decl":{"start":{"line":80,"column":37},"end":{"line":80,"column":42}},"loc":{"start":{"line":80,"column":56},"end":{"line":82,"column":1}}},"4":{"name":"(anonymous_4)","decl":{"start":{"line":84,"column":44},"end":{"line":84,"column":49}},"loc":{"start":{"line":84,"column":63},"end":{"line":108,"column":1}}},"5":{"name":"(anonymous_5)","decl":{"start":{"line":110,"column":54},"end":{"line":110,"column":59}},"loc":{"start":{"line":110,"column":73},"end":{"line":130,"column":1}}}},"branchMap":{"0":{"loc":{"start":{"line":16,"column":2},"end":{"line":21,"column":3}},"type":"if","locations":[{"start":{"line":16,"column":2},"end":{"line":21,"column":3}},{"start":{},"end":{}}]},"1":{"loc":{"start":{"line":16,"column":6},"end":{"line":16,"column":25}},"type":"binary-expr","locations":[{"start":{"line":16,"column":6},"end":{"line":16,"column":12}},{"start":{"line":16,"column":16},"end":{"line":16,"column":25}}]},"2":{"loc":{"start":{"line":35,"column":15},"end":{"line":35,"column":57}},"type":"binary-expr","locations":[{"start":{"line":35,"column":15},"end":{"line":35,"column":28}},{"start":{"line":35,"column":32},"end":{"line":35,"column":57}}]},"3":{"loc":{"start":{"line":43,"column":2},"end":{"line":48,"column":3}},"type":"if","locations":[{"start":{"line":43,"column":2},"end":{"line":48,"column":3}},{"start":{},"end":{}}]},"4":{"loc":{"start":{"line":43,"column":6},"end":{"line":43,"column":25}},"type":"binary-expr","locations":[{"start":{"line":43,"column":6},"end":{"line":43,"column":12}},{"start":{"line":43,"column":16},"end":{"line":43,"column":25}}]},"5":{"loc":{"start":{"line":59,"column":4},"end":{"line":64,"column":5}},"type":"if","locations":[{"start":{"line":59,"column":4},"end":{"line":64,"column":5}},{"start":{},"end":{}}]},"6":{"loc":{"start":{"line":87,"column":4},"end":{"line":92,"column":5}},"type":"if","locations":[{"start":{"line":87,"column":4},"end":{"line":92,"column":5}},{"start":{},"end":{}}]},"7":{"loc":{"start":{"line":94,"column":4},"end":{"line":99,"column":5}},"type":"if","locations":[{"start":{"line":94,"column":4},"end":{"line":99,"column":5}},{"start":{},"end":{}}]},"8":{"loc":{"start":{"line":114,"column":4},"end":{"line":119,"column":5}},"type":"if","locations":[{"start":{"line":114,"column":4},"end":{"line":119,"column":5}},{"start":{},"end":{}}]},"9":{"loc":{"start":{"line":114,"column":8},"end":{"line":114,"column":26}},"type":"binary-expr","locations":[{"start":{"line":114,"column":8},"end":{"line":114,"column":15}},{"start":{"line":114,"column":19},"end":{"line":114,"column":26}}]}},"s":{"0":2,"1":2,"2":2,"3":2,"4":2,"5":2,"6":2,"7":2,"8":2,"9":3,"10":3,"11":1,"12":2,"13":2,"14":2,"15":2,"16":0,"17":0,"18":2,"19":2,"20":2,"21":0,"22":2,"23":2,"24":1,"25":1,"26":1,"27":1,"28":0,"29":0,"30":2,"31":1,"32":1,"33":2,"34":0,"35":2,"36":0,"37":0,"38":0,"39":0,"40":0,"41":0,"42":0,"43":0,"44":0,"45":0,"46":2,"47":0,"48":0,"49":0,"50":0,"51":0,"52":0,"53":0,"54":0,"55":0,"56":2},"f":{"0":3,"1":2,"2":1,"3":0,"4":0,"5":0},"b":{"0":[1,2],"1":[3,2],"2":[0,0],"3":[0,2],"4":[2,2],"5":[1,0],"6":[0,0],"7":[0,0],"8":[0,0],"9":[0,0]}}
,"C:\\Users\\jacob\\OneDrive\\Documentos\\GitHub\\date-nite\\date-nite\\backend\\src\\services\\authService.ts": {"path":"C:\\Users\\jacob\\OneDrive\\Documentos\\GitHub\\date-nite\\date-nite\\backend\\src\\services\\authService.ts","statementMap":{"0":{"start":{"line":10,"column":0},"end":{"line":10,"column":7}},"1":{"start":{"line":45,"column":0},"end":{"line":45,"column":7}},"2":{"start":{"line":1,"column":0},"end":{"line":1,"column":45}},"3":{"start":{"line":2,"column":0},"end":{"line":2,"column":41}},"4":{"start":{"line":3,"column":0},"end":{"line":3,"column":30}},"5":{"start":{"line":13,"column":30},"end":{"line":13,"column":41}},"6":{"start":{"line":16,"column":18},"end":{"line":16,"column":39}},"7":{"start":{"line":18,"column":2},"end":{"line":20,"column":3}},"8":{"start":{"line":19,"column":4},"end":{"line":19,"column":43}},"9":{"start":{"line":23,"column":16},"end":{"line":23,"column":69}},"10":{"start":{"line":25,"column":2},"end":{"line":27,"column":3}},"11":{"start":{"line":26,"column":4},"end":{"line":26,"column":43}},"12":{"start":{"line":30,"column":22},"end":{"line":33,"column":4}},"13":{"start":{"line":35,"column":2},"end":{"line":42,"column":4}},"14":{"start":{"line":48,"column":2},"end":{"line":48,"column":42}}},"fnMap":{"0":{"name":"loginService","decl":{"start":{"line":10,"column":22},"end":{"line":10,"column":34}},"loc":{"start":{"line":11,"column":23},"end":{"line":43,"column":1}}},"1":{"name":"logoutService","decl":{"start":{"line":45,"column":22},"end":{"line":45,"column":35}},"loc":{"start":{"line":45,"column":35},"end":{"line":49,"column":1}}}},"branchMap":{"0":{"loc":{"start":{"line":18,"column":2},"end":{"line":20,"column":3}},"type":"if","locations":[{"start":{"line":18,"column":2},"end":{"line":20,"column":3}},{"start":{},"end":{}}]},"1":{"loc":{"start":{"line":25,"column":2},"end":{"line":27,"column":3}},"type":"if","locations":[{"start":{"line":25,"column":2},"end":{"line":27,"column":3}},{"start":{},"end":{}}]}},"s":{"0":2,"1":2,"2":2,"3":2,"4":2,"5":2,"6":2,"7":2,"8":0,"9":2,"10":2,"11":1,"12":1,"13":1,"14":0},"f":{"0":2,"1":0},"b":{"0":[0,2],"1":[1,1]}}
,"C:\\Users\\jacob\\OneDrive\\Documentos\\GitHub\\date-nite\\date-nite\\backend\\src\\services\\dateService.ts": {"path":"C:\\Users\\jacob\\OneDrive\\Documentos\\GitHub\\date-nite\\date-nite\\backend\\src\\services\\dateService.ts","statementMap":{"0":{"start":{"line":4,"column":0},"end":{"line":4,"column":16}},"1":{"start":{"line":9,"column":0},"end":{"line":9,"column":16}},"2":{"start":{"line":14,"column":0},"end":{"line":14,"column":16}},"3":{"start":{"line":1,"column":0},"end":{"line":1,"column":51}},"4":{"start":{"line":5,"column":2},"end":{"line":5,"column":21}},"5":{"start":{"line":10,"column":2},"end":{"line":10,"column":23}},"6":{"start":{"line":15,"column":16},"end":{"line":15,"column":31}},"7":{"start":{"line":16,"column":2},"end":{"line":16,"column":15}}},"fnMap":{"0":{"name":"fetchDateById","decl":{"start":{"line":4,"column":16},"end":{"line":4,"column":29}},"loc":{"start":{"line":4,"column":40},"end":{"line":6,"column":1}}},"1":{"name":"fetchAllDates","decl":{"start":{"line":9,"column":16},"end":{"line":9,"column":29}},"loc":{"start":{"line":9,"column":29},"end":{"line":11,"column":1}}},"2":{"name":"getDateService","decl":{"start":{"line":14,"column":16},"end":{"line":14,"column":30}},"loc":{"start":{"line":14,"column":30},"end":{"line":17,"column":1}}}},"branchMap":{},"s":{"0":1,"1":1,"2":1,"3":1,"4":0,"5":1,"6":1,"7":1},"f":{"0":0,"1":1,"2":1},"b":{}}
,"C:\\Users\\jacob\\OneDrive\\Documentos\\GitHub\\date-nite\\date-nite\\backend\\src\\services\\userService.ts": {"path":"C:\\Users\\jacob\\OneDrive\\Documentos\\GitHub\\date-nite\\date-nite\\backend\\src\\services\\userService.ts","statementMap":{"0":{"start":{"line":8,"column":0},"end":{"line":8,"column":7}},"1":{"start":{"line":27,"column":0},"end":{"line":27,"column":16}},"2":{"start":{"line":33,"column":0},"end":{"line":33,"column":16}},"3":{"start":{"line":42,"column":0},"end":{"line":42,"column":16}},"4":{"start":{"line":1,"column":0},"end":{"line":1,"column":59}},"5":{"start":{"line":2,"column":0},"end":{"line":2,"column":41}},"6":{"start":{"line":3,"column":0},"end":{"line":3,"column":36}},"7":{"start":{"line":4,"column":0},"end":{"line":4,"column":35}},"8":{"start":{"line":11,"column":30},"end":{"line":11,"column":38}},"9":{"start":{"line":12,"column":17},"end":{"line":12,"column":29}},"10":{"start":{"line":13,"column":24},"end":{"line":13,"column":55}},"11":{"start":{"line":14,"column":18},"end":{"line":14,"column":66}},"12":{"start":{"line":15,"column":2},"end":{"line":15,"column":60}},"13":{"start":{"line":15,"column":16},"end":{"line":15,"column":60}},"14":{"start":{"line":16,"column":22},"end":{"line":16,"column":50}},"15":{"start":{"line":17,"column":2},"end":{"line":24,"column":4}},"16":{"start":{"line":34,"column":15},"end":{"line":34,"column":30}},"17":{"start":{"line":35,"column":2},"end":{"line":35,"column":25}},"18":{"start":{"line":35,"column":13},"end":{"line":35,"column":25}},"19":{"start":{"line":37,"column":2},"end":{"line":39,"column":37}},"20":{"start":{"line":38,"column":17},"end":{"line":38,"column":28}},"21":{"start":{"line":39,"column":22},"end":{"line":39,"column":35}},"22":{"start":{"line":46,"column":15},"end":{"line":46,"column":30}},"23":{"start":{"line":47,"column":2},"end":{"line":47,"column":26}},"24":{"start":{"line":47,"column":13},"end":{"line":47,"column":26}},"25":{"start":{"line":48,"column":2},"end":{"line":48,"column":64}},"26":{"start":{"line":48,"column":49},"end":{"line":48,"column":62}},"27":{"start":{"line":49,"column":2},"end":{"line":49,"column":14}}},"fnMap":{"0":{"name":"registerUserService","decl":{"start":{"line":8,"column":22},"end":{"line":8,"column":41}},"loc":{"start":{"line":9,"column":27},"end":{"line":25,"column":1}}},"1":{"name":"setFavoriteDate","decl":{"start":{"line":27,"column":16},"end":{"line":27,"column":31}},"loc":{"start":{"line":27,"column":62},"end":{"line":31,"column":1}}},"2":{"name":"getFavoriteDates","decl":{"start":{"line":33,"column":16},"end":{"line":33,"column":32}},"loc":{"start":{"line":33,"column":47},"end":{"line":40,"column":1}}},"3":{"name":"(anonymous_12)","decl":{"start":{"line":38,"column":9},"end":{"line":38,"column":10}},"loc":{"start":{"line":38,"column":17},"end":{"line":38,"column":28}}},"4":{"name":"(anonymous_13)","decl":{"start":{"line":39,"column":12},"end":{"line":39,"column":13}},"loc":{"start":{"line":39,"column":22},"end":{"line":39,"column":35}}},"5":{"name":"removeFavoriteDate","decl":{"start":{"line":42,"column":16},"end":{"line":42,"column":34}},"loc":{"start":{"line":42,"column":65},"end":{"line":50,"column":1}}},"6":{"name":"(anonymous_15)","decl":{"start":{"line":48,"column":41},"end":{"line":48,"column":42}},"loc":{"start":{"line":48,"column":49},"end":{"line":48,"column":62}}}},"branchMap":{"0":{"loc":{"start":{"line":15,"column":2},"end":{"line":15,"column":60}},"type":"if","locations":[{"start":{"line":15,"column":2},"end":{"line":15,"column":60}},{"start":{},"end":{}}]},"1":{"loc":{"start":{"line":21,"column":17},"end":{"line":21,"column":40}},"type":"binary-expr","locations":[{"start":{"line":21,"column":17},"end":{"line":21,"column":34}},{"start":{"line":21,"column":38},"end":{"line":21,"column":40}}]},"2":{"loc":{"start":{"line":35,"column":2},"end":{"line":35,"column":25}},"type":"if","locations":[{"start":{"line":35,"column":2},"end":{"line":35,"column":25}},{"start":{},"end":{}}]},"3":{"loc":{"start":{"line":47,"column":2},"end":{"line":47,"column":26}},"type":"if","locations":[{"start":{"line":47,"column":2},"end":{"line":47,"column":26}},{"start":{},"end":{}}]}},"s":{"0":2,"1":2,"2":2,"3":2,"4":2,"5":2,"6":2,"7":2,"8":2,"9":2,"10":2,"11":2,"12":2,"13":0,"14":2,"15":2,"16":0,"17":0,"18":0,"19":0,"20":0,"21":0,"22":0,"23":0,"24":0,"25":0,"26":0,"27":0},"f":{"0":2,"1":0,"2":0,"3":0,"4":0,"5":0,"6":0},"b":{"0":[0,2],"1":[2,0],"2":[0,0],"3":[0,0]}}
,"C:\\Users\\jacob\\OneDrive\\Documentos\\GitHub\\date-nite\\date-nite\\backend\\src\\utils\\errorLogging.ts": {"path":"C:\\Users\\jacob\\OneDrive\\Documentos\\GitHub\\date-nite\\date-nite\\backend\\src\\utils\\errorLogging.ts","statementMap":{"0":{"start":{"line":3,"column":0},"end":{"line":3,"column":16}},"1":{"start":{"line":8,"column":18},"end":{"line":8,"column":72}},"2":{"start":{"line":9,"column":16},"end":{"line":9,"column":64}},"3":{"start":{"line":11,"column":2},"end":{"line":18,"column":5}}},"fnMap":{"0":{"name":"logServerError","decl":{"start":{"line":3,"column":16},"end":{"line":3,"column":30}},"loc":{"start":{"line":6,"column":17},"end":{"line":19,"column":1}}}},"branchMap":{"0":{"loc":{"start":{"line":8,"column":18},"end":{"line":8,"column":72}},"type":"cond-expr","locations":[{"start":{"line":8,"column":43},"end":{"line":8,"column":56}},{"start":{"line":8,"column":59},"end":{"line":8,"column":72}}]},"1":{"loc":{"start":{"line":9,"column":16},"end":{"line":9,"column":64}},"type":"cond-expr","locations":[{"start":{"line":9,"column":41},"end":{"line":9,"column":52}},{"start":{"line":9,"column":55},"end":{"line":9,"column":64}}]}},"s":{"0":3,"1":0,"2":0,"3":0},"f":{"0":0},"b":{"0":[0,0],"1":[0,0]}}
,"C:\\Users\\jacob\\OneDrive\\Documentos\\GitHub\\date-nite\\date-nite\\backend\\src\\utils\\jwt.ts": {"path":"C:\\Users\\jacob\\OneDrive\\Documentos\\GitHub\\date-nite\\date-nite\\backend\\src\\utils\\jwt.ts","statementMap":{"0":{"start":{"line":7,"column":0},"end":{"line":7,"column":16}},"1":{"start":{"line":11,"column":0},"end":{"line":11,"column":16}},"2":{"start":{"line":1,"column":0},"end":{"line":1,"column":31}},"3":{"start":{"line":5,"column":2},"end":{"line":5,"column":55}},"4":{"start":{"line":8,"column":2},"end":{"line":8,"column":60}},"5":{"start":{"line":12,"column":2},"end":{"line":22,"column":3}},"6":{"start":{"line":13,"column":4},"end":{"line":13,"column":55}},"7":{"start":{"line":15,"column":4},"end":{"line":17,"column":5}},"8":{"start":{"line":16,"column":6},"end":{"line":16,"column":39}},"9":{"start":{"line":18,"column":4},"end":{"line":20,"column":5}},"10":{"start":{"line":19,"column":6},"end":{"line":19,"column":39}},"11":{"start":{"line":21,"column":4},"end":{"line":21,"column":16}}},"fnMap":{"0":{"name":"signToken","decl":{"start":{"line":7,"column":16},"end":{"line":7,"column":25}},"loc":{"start":{"line":7,"column":66},"end":{"line":9,"column":1}}},"1":{"name":"verifyToken","decl":{"start":{"line":11,"column":16},"end":{"line":11,"column":27}},"loc":{"start":{"line":11,"column":41},"end":{"line":23,"column":1}}}},"branchMap":{"0":{"loc":{"start":{"line":5,"column":2},"end":{"line":5,"column":55}},"type":"binary-expr","locations":[{"start":{"line":5,"column":2},"end":{"line":5,"column":24}},{"start":{"line":5,"column":28},"end":{"line":5,"column":55}}]},"1":{"loc":{"start":{"line":15,"column":4},"end":{"line":17,"column":5}},"type":"if","locations":[{"start":{"line":15,"column":4},"end":{"line":17,"column":5}},{"start":{},"end":{}}]},"2":{"loc":{"start":{"line":18,"column":4},"end":{"line":20,"column":5}},"type":"if","locations":[{"start":{"line":18,"column":4},"end":{"line":20,"column":5}},{"start":{},"end":{}}]}},"s":{"0":2,"1":2,"2":2,"3":2,"4":3,"5":0,"6":0,"7":0,"8":0,"9":0,"10":0,"11":0},"f":{"0":3,"1":0},"b":{"0":[2,2],"1":[0,0],"2":[0,0]}}
}
