TN:
SF:src\database.ts
FN:91,normalizeUser
FN:100,getUser
FN:109,getUserByEmail
FN:121,createUser
FN:139,updateUser
FN:161,deleteUser
FN:170,getDate
FN:175,getAllDates
FN:179,createDate
FN:205,updateDate
FN:236,deleteDate
FN:245,getRating
FN:250,createRating
FN:275,updateRating
FN:305,deleteRating
FNF:15
FNH:5
FNDA:4,normalizeUser
FNDA:2,getUser
FNDA:2,getUserByEmail
FNDA:2,createUser
FNDA:0,updateUser
FNDA:0,deleteUser
FNDA:0,getDate
FNDA:1,getAllDates
FNDA:0,createDate
FNDA:0,updateDate
FNDA:0,deleteDate
FNDA:0,getRating
FNDA:0,createRating
FNDA:0,updateRating
FNDA:0,deleteRating
DA:1,3
DA:2,3
DA:4,3
DA:46,3
DA:92,4
DA:100,3
DA:101,2
DA:105,2
DA:106,2
DA:109,3
DA:110,2
DA:114,2
DA:115,2
DA:121,3
DA:127,2
DA:136,2
DA:139,3
DA:147,0
DA:148,0
DA:150,0
DA:151,0
DA:152,0
DA:154,0
DA:158,0
DA:161,3
DA:162,0
DA:163,0
DA:170,3
DA:171,0
DA:172,0
DA:175,3
DA:176,1
DA:179,3
DA:180,0
DA:202,0
DA:205,3
DA:209,0
DA:210,0
DA:212,0
DA:233,0
DA:236,3
DA:237,0
DA:238,0
DA:245,3
DA:246,0
DA:247,0
DA:250,3
DA:251,0
DA:272,0
DA:275,3
DA:279,0
DA:280,0
DA:282,0
DA:302,0
DA:305,3
DA:306,0
DA:307,0
LF:57
LH:28
BRDA:95,0,0,4
BRDA:95,0,1,0
BRDA:105,1,0,0
BRDA:105,1,1,2
BRDA:114,2,0,0
BRDA:114,2,1,2
BRDA:132,3,0,2
BRDA:132,3,1,2
BRDA:148,4,0,0
BRDA:148,4,1,0
BRDA:150,5,0,0
BRDA:150,5,1,0
BRDA:151,6,0,0
BRDA:151,6,1,0
BRDA:152,7,0,0
BRDA:152,7,1,0
BRDA:172,8,0,0
BRDA:172,8,1,0
BRDA:210,9,0,0
BRDA:210,9,1,0
BRDA:221,10,0,0
BRDA:221,10,1,0
BRDA:222,11,0,0
BRDA:222,11,1,0
BRDA:223,12,0,0
BRDA:223,12,1,0
BRDA:224,13,0,0
BRDA:224,13,1,0
BRDA:225,14,0,0
BRDA:225,14,1,0
BRDA:226,15,0,0
BRDA:226,15,1,0
BRDA:227,16,0,0
BRDA:227,16,1,0
BRDA:228,17,0,0
BRDA:228,17,1,0
BRDA:229,18,0,0
BRDA:229,18,1,0
BRDA:247,19,0,0
BRDA:247,19,1,0
BRDA:280,20,0,0
BRDA:280,20,1,0
BRDA:291,21,0,0
BRDA:291,21,1,0
BRDA:292,22,0,0
BRDA:292,22,1,0
BRDA:293,23,0,0
BRDA:293,23,1,0
BRDA:294,24,0,0
BRDA:294,24,1,0
BRDA:295,25,0,0
BRDA:295,25,1,0
BRDA:296,26,0,0
BRDA:296,26,1,0
BRDA:297,27,0,0
BRDA:297,27,1,0
BRDA:298,28,0,0
BRDA:298,28,1,0
BRF:58
BRH:5
end_of_record
TN:
SF:src\middleware\auth.ts
FN:13,authenticateToken
FNF:1
FNH:1
FNDA:2,authenticateToken
DA:2,2
DA:13,2
DA:18,2
DA:20,2
DA:21,2
DA:27,0
DA:28,0
DA:29,0
DA:30,0
DA:32,0
DA:33,0
DA:38,0
LF:12
LH:5
BRDA:20,0,0,2
BRDA:20,0,1,0
BRDA:32,1,0,0
BRDA:32,1,1,0
BRF:4
BRH:1
end_of_record
TN:
SF:src\routes\dates.ts
FN:7,(anonymous_0)
FNF:1
FNH:1
FNDA:1,(anonymous_0)
DA:1,1
DA:2,1
DA:3,1
DA:4,1
DA:7,1
DA:8,1
DA:9,1
DA:10,1
DA:12,0
DA:13,0
DA:17,1
LF:11
LH:9
BRDA:13,0,0,0
BRDA:13,0,1,0
BRF:2
BRH:0
end_of_record
TN:
SF:src\routes\health.ts
FN:6,(anonymous_0)
FNF:1
FNH:1
FNDA:3,(anonymous_0)
DA:1,1
DA:3,1
DA:6,1
DA:7,3
DA:16,1
LF:5
LH:5
BRF:0
BRH:0
end_of_record
TN:
SF:src\routes\users.ts
FN:14,(anonymous_0)
FN:41,(anonymous_1)
FN:74,(anonymous_2)
FN:80,(anonymous_3)
FN:84,(anonymous_4)
FN:110,(anonymous_5)
FNF:6
FNH:3
FNDA:3,(anonymous_0)
FNDA:2,(anonymous_1)
FNDA:1,(anonymous_2)
FNDA:0,(anonymous_3)
FNDA:0,(anonymous_4)
FNDA:0,(anonymous_5)
DA:1,2
DA:2,2
DA:3,2
DA:4,2
DA:7,2
DA:8,2
DA:9,2
DA:11,2
DA:14,2
DA:15,3
DA:16,3
DA:17,1
DA:22,2
DA:23,2
DA:24,2
DA:30,2
DA:32,0
DA:33,0
DA:41,2
DA:42,2
DA:43,2
DA:44,0
DA:49,2
DA:50,2
DA:51,1
DA:57,1
DA:59,1
DA:60,1
DA:65,0
DA:66,0
DA:74,2
DA:75,1
DA:76,1
DA:80,2
DA:81,0
DA:84,2
DA:85,0
DA:86,0
DA:87,0
DA:88,0
DA:93,0
DA:94,0
DA:95,0
DA:100,0
DA:102,0
DA:103,0
DA:110,2
DA:111,0
DA:112,0
DA:113,0
DA:114,0
DA:115,0
DA:120,0
DA:121,0
DA:124,0
DA:125,0
DA:131,2
LF:57
LH:32
BRDA:16,0,0,1
BRDA:16,0,1,2
BRDA:16,1,0,3
BRDA:16,1,1,2
BRDA:35,2,0,0
BRDA:35,2,1,0
BRDA:43,3,0,0
BRDA:43,3,1,2
BRDA:43,4,0,2
BRDA:43,4,1,2
BRDA:59,5,0,1
BRDA:59,5,1,0
BRDA:87,6,0,0
BRDA:87,6,1,0
BRDA:94,7,0,0
BRDA:94,7,1,0
BRDA:114,8,0,0
BRDA:114,8,1,0
BRDA:114,9,0,0
BRDA:114,9,1,0
BRF:20
BRH:8
end_of_record
TN:
SF:src\services\authService.ts
FN:10,loginService
FN:45,logoutService
FNF:2
FNH:1
FNDA:2,loginService
FNDA:0,logoutService
DA:1,2
DA:2,2
DA:3,2
DA:10,2
DA:13,2
DA:16,2
DA:18,2
DA:19,0
DA:23,2
DA:25,2
DA:26,1
DA:30,1
DA:35,1
DA:45,2
DA:48,0
LF:15
LH:13
BRDA:18,0,0,0
BRDA:18,0,1,2
BRDA:25,1,0,1
BRDA:25,1,1,1
BRF:4
BRH:3
end_of_record
TN:
SF:src\services\dateService.ts
FN:4,fetchDateById
FN:9,fetchAllDates
FN:14,getDateService
FNF:3
FNH:2
FNDA:0,fetchDateById
FNDA:1,fetchAllDates
FNDA:1,getDateService
DA:1,1
DA:4,1
DA:5,0
DA:9,1
DA:10,1
DA:14,1
DA:15,1
DA:16,1
LF:8
LH:7
BRF:0
BRH:0
end_of_record
TN:
SF:src\services\userService.ts
FN:8,registerUserService
FN:27,setFavoriteDate
FN:33,getFavoriteDates
FN:38,(anonymous_12)
FN:39,(anonymous_13)
FN:42,removeFavoriteDate
FN:48,(anonymous_15)
FNF:7
FNH:1
FNDA:2,registerUserService
FNDA:0,setFavoriteDate
FNDA:0,getFavoriteDates
FNDA:0,(anonymous_12)
FNDA:0,(anonymous_13)
FNDA:0,removeFavoriteDate
FNDA:0,(anonymous_15)
DA:1,2
DA:2,2
DA:3,2
DA:4,2
DA:8,2
DA:11,2
DA:12,2
DA:13,2
DA:14,2
DA:15,2
DA:16,2
DA:17,2
DA:27,2
DA:33,2
DA:34,0
DA:35,0
DA:37,0
DA:38,0
DA:39,0
DA:42,2
DA:46,0
DA:47,0
DA:48,0
DA:49,0
LF:24
LH:15
BRDA:15,0,0,0
BRDA:15,0,1,2
BRDA:21,1,0,2
BRDA:21,1,1,0
BRDA:35,2,0,0
BRDA:35,2,1,0
BRDA:47,3,0,0
BRDA:47,3,1,0
BRF:8
BRH:2
end_of_record
TN:
SF:src\utils\errorLogging.ts
FN:3,logServerError
FNF:1
FNH:0
FNDA:0,logServerError
DA:3,3
DA:8,0
DA:9,0
DA:11,0
LF:4
LH:1
BRDA:8,0,0,0
BRDA:8,0,1,0
BRDA:9,1,0,0
BRDA:9,1,1,0
BRF:4
BRH:0
end_of_record
TN:
SF:src\utils\jwt.ts
FN:7,signToken
FN:11,verifyToken
FNF:2
FNH:1
FNDA:3,signToken
FNDA:0,verifyToken
DA:1,2
DA:5,2
DA:7,2
DA:8,3
DA:11,2
DA:12,0
DA:13,0
DA:15,0
DA:16,0
DA:18,0
DA:19,0
DA:21,0
LF:12
LH:5
BRDA:5,0,0,2
BRDA:5,0,1,2
BRDA:15,1,0,0
BRDA:15,1,1,0
BRDA:18,2,0,0
BRDA:18,2,1,0
BRF:6
BRH:2
end_of_record
